<?xml version="1.0" encoding="UTF-8"?>
<testsuite xmlns:xsi="http://www.w3.org/2001/XMLSchema-instance" xsi:noNamespaceSchemaLocation="https://maven.apache.org/surefire/maven-surefire-plugin/xsd/surefire-test-report-3.0.xsd" version="3.0" name="edu.eci.cvds.tdd.registry.RegistryTest" time="0.045" tests="6" errors="0" skipped="0" failures="0">
  <properties>
[...]
</properties>
  <testcase name="Should_Not_Allow_No_Sense_Ages" classname="edu.eci.cvds.tdd.registry.RegistryTest" time="0.006"/>
  <testcase name="Should_Allow_People_With_18" classname="edu.eci.cvds.tdd.registry.RegistryTest" time="0.001"/>
  <testcase name="Should_Allow_Alive_People" classname="edu.eci.cvds.tdd.registry.RegistryTest" time="0"/>
  <testcase name="Should_Not_Allow_People_Twice" classname="edu.eci.cvds.tdd.registry.RegistryTest" time="0"/>
  <testcase name="Should_Not_Allow_Dead_People" classname="edu.eci.cvds.tdd.registry.RegistryTest" time="0.001"/>
  <testcase name="Should_Not_Allow_LessThan_18" classname="edu.eci.cvds.tdd.registry.RegistryTest" time="0"/>
</testsuite>